#
# A fatal error has been detected by the Java Runtime Environment:
#
#  EXCEPTION_ACCESS_VIOLATION (0xc0000005) at pc=0x00007ffee2b1fc9b, pid=11860, tid=16884
#
# JRE version: Java(TM) SE Runtime Environment (17.0.1+12) (build 17.0.1+12-LTS-39)
# Java VM: Java HotSpot(TM) 64-Bit Server VM (17.0.1+12-LTS-39, mixed mode, sharing, tiered, compressed oops, compressed class ptrs, g1 gc, windows-amd64)
# Problematic frame:
# V  [jvm.dll+0x64fc9b]
#
# No core dump will be written. Minidumps are not enabled by default on client versions of Windows
#
# If you would like to submit a bug report, please visit:
#   https://bugreport.java.com/bugreport/crash.jsp
#

---------------  S U M M A R Y ------------

Command Line: -javaagent:D:\IntelliJ IDEA Community Edition 2021.2.3\lib\idea_rt.jar=54501:D:\IntelliJ IDEA Community Edition 2021.2.3\bin -Dfile.encoding=UTF-8 com.company.Main

Host: Intel(R) Core(TM) i5-9300H CPU @ 2.40GHz, 8 cores, 15G,  Windows 10 , 64 bit Build 19041 (10.0.19041.1566)
Time: Thu Mar 17 12:26:17 2022  Windows 10 , 64 bit Build 19041 (10.0.19041.1566) elapsed time: 0.132028 seconds (0d 0h 0m 0s)

---------------  T H R E A D  ---------------

Current thread (0x000001d47105f660):  JavaThread "C2 CompilerThread0" daemon [_thread_in_native, id=16884, stack(0x000000bf76700000,0x000000bf76800000)]


Current CompileTask:
C2:    132  254       4       com.company.Main::main (107 bytes)

Stack: [0x000000bf76700000,0x000000bf76800000],  sp=0x000000bf767faaa0,  free space=1002k
Native frames: (J=compiled Java code, j=interpreted, Vv=VM code, C=native code)
V  [jvm.dll+0x64fc9b]
V  [jvm.dll+0x566b8c]
V  [jvm.dll+0x57abe0]
V  [jvm.dll+0x57c355]
V  [jvm.dll+0x578a49]
V  [jvm.dll+0x21dd7d]
V  [jvm.dll+0x2175a1]
V  [jvm.dll+0x214f05]
V  [jvm.dll+0x1a168d]
V  [jvm.dll+0x224848]
V  [jvm.dll+0x2229ac]
V  [jvm.dll+0x78435b]
V  [jvm.dll+0x77e91a]
V  [jvm.dll+0x66e845]
C  [ucrtbase.dll+0x21bb2]
C  [KERNEL32.DLL+0x17034]
C  [ntdll.dll+0x52651]


siginfo: EXCEPTION_ACCESS_VIOLATION (0xc0000005), reading address 0x0000000000000020


Register to memory mapping:

RIP=0x00007ffee2b1fc9b jvm.dll
RAX=0x0 is NULL
RBX=0x0 is NULL
RCX=0x0 is NULL
RDX=0x0000000000000001 is an unknown value
RSP=0x000000bf767faaa0 is pointing into the stack for thread: 0x000001d47105f660
RBP=0x0 is NULL
RSI=0x0 is NULL
RDI=0x000001d44e375b20 points into unknown readable memory: 0x00007ffee2d80fa8 | a8 0f d8 e2 fe 7f 00 00
R8 =0x000001d44e375b20 points into unknown readable memory: 0x00007ffee2d80fa8 | a8 0f d8 e2 fe 7f 00 00
R9 =0x000001d44e375b08 points into unknown readable memory: 0x000001d44e375b20 | 20 5b 37 4e d4 01 00 00
R10=0xfefefefefefefeff is an unknown value
R11=0x8080808080808080 is an unknown value
R12=0x0000000000000001 is an unknown value
R13=0x000001d44e3761a8 points into unknown readable memory: 0x00007ffee2d95bc0 | c0 5b d9 e2 fe 7f 00 00
R14=0x000000bf767faf50 is pointing into the stack for thread: 0x000001d47105f660
R15=0x0 is NULL


Registers:
RAX=0x0000000000000000, RBX=0x0000000000000000, RCX=0x0000000000000000, RDX=0x0000000000000001
RSP=0x000000bf767faaa0, RBP=0x0000000000000000, RSI=0x0000000000000000, RDI=0x000001d44e375b20
R8 =0x000001d44e375b20, R9 =0x000001d44e375b08, R10=0xfefefefefefefeff, R11=0x8080808080808080
R12=0x0000000000000001, R13=0x000001d44e3761a8, R14=0x000000bf767faf50, R15=0x0000000000000000
RIP=0x00007ffee2b1fc9b, EFLAGS=0x0000000000010246

Top of Stack: (sp=0x000000bf767faaa0)
0x000000bf767faaa0:   000001d44e376620 00007ffee2b1e46c
0x000000bf767faab0:   000001d44e3761a8 00007ffee2b0e737
0x000000bf767faac0:   000001d44e375b20 00007ffee2a36b8c
0x000000bf767faad0:   000000bf767fab70 000001d44e375a48
0x000000bf767faae0:   000000bf767fab70 00007ffee2a36a2c
0x000000bf767faaf0:   0000000000000000 0000000000020300
0x000000bf767fab00:   000001d44e36cad0 000001d44e3765b8
0x000000bf767fab10:   000001d471f92700 00007ffee2a4abe0
0x000000bf767fab20:   000000bf767faf50 000000bf767fab70
0x000000bf767fab30:   000000bf767faf50 000001d44e3765b8
0x000000bf767fab40:   000001d471c815e8 00007ffee2a4c355
0x000000bf767fab50:   0000000000000001 0000000000000000
0x000000bf767fab60:   000000bf767facd0 000001d471e6cdc0
0x000000bf767fab70:   000001d47104e950 00007ffe00000008
0x000000bf767fab80:   000001d471fbad30 0000000000000006
0x000000bf767fab90:   000001d400000020 000001d471fbacb0 

Instructions: (pc=0x00007ffee2b1fc9b)
0x00007ffee2b1fb9b:   f8 75 f6 ff c9 41 89 4a 20 48 8b 14 ca 48 89 10
0x00007ffee2b1fbab:   41 8b d3 49 8b c9 e9 aa d8 ff ff c3 cc cc cc cc
0x00007ffee2b1fbbb:   cc cc cc cc cc 48 89 5c 24 08 57 48 83 ec 20 65
0x00007ffee2b1fbcb:   48 8b 04 25 58 00 00 00 48 8b d9 8b 15 9c 7d 4d
0x00007ffee2b1fbdb:   00 48 8b 3c d0 b8 48 00 00 00 80 3c 38 00 75 05
0x00007ffee2b1fbeb:   e8 ac a5 1d 00 b8 18 00 00 00 48 8b 04 38 48 8b
0x00007ffee2b1fbfb:   88 d0 04 00 00 48 8b 81 80 00 00 00 48 3b 98 d0
0x00007ffee2b1fc0b:   02 00 00 75 15 33 c0 48 89 43 20 48 89 43 10 48
0x00007ffee2b1fc1b:   8b 5c 24 30 48 83 c4 20 5f c3 48 83 7b 10 00 75
0x00007ffee2b1fc2b:   08 48 c7 43 10 ff ff ff ff 48 8b 5c 24 30 48 83
0x00007ffee2b1fc3b:   c4 20 5f c3 cc 8b 41 2c 83 e0 1f 3c 14 75 2d 66
0x00007ffee2b1fc4b:   0f 1f 44 00 00 83 79 18 02 75 21 8b 41 2c 83 e0
0x00007ffee2b1fc5b:   1f 3c 14 75 17 84 d2 74 06 83 79 40 00 75 0d 48
0x00007ffee2b1fc6b:   8b 41 08 48 8b 48 08 48 85 c9 75 d9 48 8b c1 c3
0x00007ffee2b1fc7b:   cc cc cc cc cc 48 89 5c 24 08 48 89 6c 24 10 48
0x00007ffee2b1fc8b:   89 74 24 18 57 48 83 ec 20 33 ed 48 8b f1 8b dd
0x00007ffee2b1fc9b:   39 59 20 76 2b 48 8b 46 10 8b d3 48 8b 3c d0 48
0x00007ffee2b1fcab:   8b cf 48 8b 07 ff 50 10 84 c0 74 0d 48 3b fe 74
0x00007ffee2b1fcbb:   08 48 85 ed 75 22 48 8b ef ff c3 3b 5e 20 72 d5
0x00007ffee2b1fccb:   48 8b c5 48 8b 5c 24 30 48 8b 6c 24 38 48 8b 74
0x00007ffee2b1fcdb:   24 40 48 83 c4 20 5f c3 33 c0 eb e7 cc cc cc cc
0x00007ffee2b1fceb:   cc cc cc cc cc 44 8b 49 18 33 c0 45 85 c9 74 25
0x00007ffee2b1fcfb:   4c 8b 51 10 90 44 8b c0 49 39 14 c2 74 08 ff c0
0x00007ffee2b1fd0b:   41 3b c1 72 f0 c3 41 8d 41 ff 89 41 18 49 8b 0c
0x00007ffee2b1fd1b:   c2 4b 89 0c c2 c3 cc cc cc cc cc cc cc cc cc cc
0x00007ffee2b1fd2b:   cc cc cc cc cc b8 02 00 00 00 f0 0f c1 05 9b df
0x00007ffee2b1fd3b:   4a 00 83 c0 02 89 01 48 8b 05 87 df 4a 00 48 89
0x00007ffee2b1fd4b:   41 08 48 8b c1 c3 cc cc cc cc cc cc cc cc cc cc
0x00007ffee2b1fd5b:   cc cc cc cc cc 40 53 48 83 ec 20 48 8b d9 e8 32
0x00007ffee2b1fd6b:   df 12 00 33 c9 c7 83 90 02 00 00 ff ff ff ff 48
0x00007ffee2b1fd7b:   8d 05 8f cf 2e 00 48 89 8b 80 02 00 00 48 89 03
0x00007ffee2b1fd8b:   48 8d 05 66 d0 2e 00 48 89 03 48 8b c3 48 89 8b 


Stack slot to memory mapping:
stack at sp + 0 slots: 0x000001d44e376620 points into unknown readable memory: 0x00007ffee2dc96b0 | b0 96 dc e2 fe 7f 00 00
stack at sp + 1 slots: 0x00007ffee2b1e46c jvm.dll
stack at sp + 2 slots: 0x000001d44e3761a8 points into unknown readable memory: 0x00007ffee2d95bc0 | c0 5b d9 e2 fe 7f 00 00
stack at sp + 3 slots: 0x00007ffee2b0e737 jvm.dll
stack at sp + 4 slots: 0x000001d44e375b20 points into unknown readable memory: 0x00007ffee2d80fa8 | a8 0f d8 e2 fe 7f 00 00
stack at sp + 5 slots: 0x00007ffee2a36b8c jvm.dll
stack at sp + 6 slots: 0x000000bf767fab70 is pointing into the stack for thread: 0x000001d47105f660
stack at sp + 7 slots: 0x000001d44e375a48 points into unknown readable memory: 0x00007ffee2d80d30 | 30 0d d8 e2 fe 7f 00 00


---------------  P R O C E S S  ---------------

Threads class SMR info:
_java_thread_list=0x000001d471d47930, length=13, elements={
0x000001d44e36dce0, 0x000001d471037ee0, 0x000001d471038a90, 0x000001d47104f330,
0x000001d471052600, 0x000001d4710531c0, 0x000001d471053b70, 0x000001d47105f660,
0x000001d471060100, 0x000001d4710696d0, 0x000001d47101d910, 0x000001d471d4a790,
0x000001d471d503d0
}

Java Threads: ( => current thread )
  0x000001d44e36dce0 JavaThread "main" [_thread_in_Java, id=11872, stack(0x000000bf75a00000,0x000000bf75b00000)]
  0x000001d471037ee0 JavaThread "Reference Handler" daemon [_thread_blocked, id=4460, stack(0x000000bf76100000,0x000000bf76200000)]
  0x000001d471038a90 JavaThread "Finalizer" daemon [_thread_blocked, id=17556, stack(0x000000bf76200000,0x000000bf76300000)]
  0x000001d47104f330 JavaThread "Signal Dispatcher" daemon [_thread_blocked, id=12524, stack(0x000000bf76300000,0x000000bf76400000)]
  0x000001d471052600 JavaThread "Attach Listener" daemon [_thread_blocked, id=9048, stack(0x000000bf76400000,0x000000bf76500000)]
  0x000001d4710531c0 JavaThread "Service Thread" daemon [_thread_blocked, id=6968, stack(0x000000bf76500000,0x000000bf76600000)]
  0x000001d471053b70 JavaThread "Monitor Deflation Thread" daemon [_thread_blocked, id=15768, stack(0x000000bf76600000,0x000000bf76700000)]
=>0x000001d47105f660 JavaThread "C2 CompilerThread0" daemon [_thread_in_native, id=16884, stack(0x000000bf76700000,0x000000bf76800000)]
  0x000001d471060100 JavaThread "C1 CompilerThread0" daemon [_thread_blocked, id=12456, stack(0x000000bf76800000,0x000000bf76900000)]
  0x000001d4710696d0 JavaThread "Sweeper thread" daemon [_thread_blocked, id=16736, stack(0x000000bf76900000,0x000000bf76a00000)]
  0x000001d47101d910 JavaThread "Common-Cleaner" daemon [_thread_blocked, id=16716, stack(0x000000bf76a00000,0x000000bf76b00000)]
  0x000001d471d4a790 JavaThread "Monitor Ctrl-Break" daemon [_thread_in_native, id=13056, stack(0x000000bf76b00000,0x000000bf76c00000)]
  0x000001d471d503d0 JavaThread "Notification Thread" daemon [_thread_blocked, id=12176, stack(0x000000bf76c00000,0x000000bf76d00000)]

Other Threads:
  0x000001d47102d600 VMThread "VM Thread" [stack: 0x000000bf76000000,0x000000bf76100000] [id=12660]
  0x000001d471d4ac60 WatcherThread [stack: 0x000000bf76d00000,0x000000bf76e00000] [id=12636]
  0x000001d44e3bc420 GCTaskThread "GC Thread#0" [stack: 0x000000bf75b00000,0x000000bf75c00000] [id=9912]
  0x000001d44e3cd120 ConcurrentGCThread "G1 Main Marker" [stack: 0x000000bf75c00000,0x000000bf75d00000] [id=6212]
  0x000001d44e3cf2e0 ConcurrentGCThread "G1 Conc#0" [stack: 0x000000bf75d00000,0x000000bf75e00000] [id=13248]
  0x000001d44e443940 ConcurrentGCThread "G1 Refine#0" [stack: 0x000000bf75e00000,0x000000bf75f00000] [id=1244]
  0x000001d470ef28b0 ConcurrentGCThread "G1 Service" [stack: 0x000000bf75f00000,0x000000bf76000000] [id=6768]

Threads with active compile tasks:
C2 CompilerThread0      177  254       4       com.company.Main::main (107 bytes)

VM state: not at safepoint (normal execution)

VM Mutex/Monitor currently owned by a thread: None

Heap address: 0x0000000702400000, size: 4060 MB, Compressed Oops mode: Zero based, Oop shift amount: 3

CDS archive(s) mapped at: [0x0000000800000000-0x0000000800bc0000-0x0000000800bc0000), size 12320768, SharedBaseAddress: 0x0000000800000000, ArchiveRelocationMode: 0.
Compressed class space mapped at: 0x0000000800c00000-0x0000000840c00000, reserved size: 1073741824
Narrow klass base: 0x0000000800000000, Narrow klass shift: 0, Narrow klass range: 0x100000000

GC Precious Log:
 CPUs: 8 total, 8 available
 Memory: 16236M
 Large Page Support: Disabled
 NUMA Support: Disabled
 Compressed Oops: Enabled (Zero based)
 Heap Region Size: 2M
 Heap Min Capacity: 8M
 Heap Initial Capacity: 254M
 Heap Max Capacity: 4060M
 Pre-touch: Disabled
 Parallel Workers: 8
 Concurrent Workers: 2
 Concurrent Refinement Workers: 8
 Periodic GC: Disabled

Heap:
 garbage-first heap   total 260096K, used 2048K [0x0000000702400000, 0x0000000800000000)
  region size 2048K, 2 young (4096K), 0 survivors (0K)
 Metaspace       used 996K, committed 1216K, reserved 1056768K
  class space    used 87K, committed 192K, reserved 1048576K

Heap Regions: E=young(eden), S=young(survivor), O=old, HS=humongous(starts), HC=humongous(continues), CS=collection set, F=free, OA=open archive, CA=closed archive, TAMS=top-at-mark-start (previous, next)
|   0|0x0000000702400000, 0x0000000702400000, 0x0000000702600000|  0%| F|  |TAMS 0x0000000702400000, 0x0000000702400000| Untracked 
|   1|0x0000000702600000, 0x0000000702600000, 0x0000000702800000|  0%| F|  |TAMS 0x0000000702600000, 0x0000000702600000| Untracked 
|   2|0x0000000702800000, 0x0000000702800000, 0x0000000702a00000|  0%| F|  |TAMS 0x0000000702800000, 0x0000000702800000| Untracked 
|   3|0x0000000702a00000, 0x0000000702a00000, 0x0000000702c00000|  0%| F|  |TAMS 0x0000000702a00000, 0x0000000702a00000| Untracked 
|   4|0x0000000702c00000, 0x0000000702c00000, 0x0000000702e00000|  0%| F|  |TAMS 0x0000000702c00000, 0x0000000702c00000| Untracked 
|   5|0x0000000702e00000, 0x0000000702e00000, 0x0000000703000000|  0%| F|  |TAMS 0x0000000702e00000, 0x0000000702e00000| Untracked 
|   6|0x0000000703000000, 0x0000000703000000, 0x0000000703200000|  0%| F|  |TAMS 0x0000000703000000, 0x0000000703000000| Untracked 
|   7|0x0000000703200000, 0x0000000703200000, 0x0000000703400000|  0%| F|  |TAMS 0x0000000703200000, 0x0000000703200000| Untracked 
|   8|0x0000000703400000, 0x0000000703400000, 0x0000000703600000|  0%| F|  |TAMS 0x0000000703400000, 0x0000000703400000| Untracked 
|   9|0x0000000703600000, 0x0000000703600000, 0x0000000703800000|  0%| F|  |TAMS 0x0000000703600000, 0x0000000703600000| Untracked 
|  10|0x0000000703800000, 0x0000000703800000, 0x0000000703a00000|  0%| F|  |TAMS 0x0000000703800000, 0x0000000703800000| Untracked 
|  11|0x0000000703a00000, 0x0000000703a00000, 0x0000000703c00000|  0%| F|  |TAMS 0x0000000703a00000, 0x0000000703a00000| Untracked 
|  12|0x0000000703c00000, 0x0000000703c00000, 0x0000000703e00000|  0%| F|  |TAMS 0x0000000703c00000, 0x0000000703c00000| Untracked 
|  13|0x0000000703e00000, 0x0000000703e00000, 0x0000000704000000|  0%| F|  |TAMS 0x0000000703e00000, 0x0000000703e00000| Untracked 
|  14|0x0000000704000000, 0x0000000704000000, 0x0000000704200000|  0%| F|  |TAMS 0x0000000704000000, 0x0000000704000000| Untracked 
|  15|0x0000000704200000, 0x0000000704200000, 0x0000000704400000|  0%| F|  |TAMS 0x0000000704200000, 0x0000000704200000| Untracked 
|  16|0x0000000704400000, 0x0000000704400000, 0x0000000704600000|  0%| F|  |TAMS 0x0000000704400000, 0x0000000704400000| Untracked 
|  17|0x0000000704600000, 0x0000000704600000, 0x0000000704800000|  0%| F|  |TAMS 0x0000000704600000, 0x0000000704600000| Untracked 
|  18|0x0000000704800000, 0x0000000704800000, 0x0000000704a00000|  0%| F|  |TAMS 0x0000000704800000, 0x0000000704800000| Untracked 
|  19|0x0000000704a00000, 0x0000000704a00000, 0x0000000704c00000|  0%| F|  |TAMS 0x0000000704a00000, 0x0000000704a00000| Untracked 
|  20|0x0000000704c00000, 0x0000000704c00000, 0x0000000704e00000|  0%| F|  |TAMS 0x0000000704c00000, 0x0000000704c00000| Untracked 
|  21|0x0000000704e00000, 0x0000000704e00000, 0x0000000705000000|  0%| F|  |TAMS 0x0000000704e00000, 0x0000000704e00000| Untracked 
|  22|0x0000000705000000, 0x0000000705000000, 0x0000000705200000|  0%| F|  |TAMS 0x0000000705000000, 0x0000000705000000| Untracked 
|  23|0x0000000705200000, 0x0000000705200000, 0x0000000705400000|  0%| F|  |TAMS 0x0000000705200000, 0x0000000705200000| Untracked 
|  24|0x0000000705400000, 0x0000000705400000, 0x0000000705600000|  0%| F|  |TAMS 0x0000000705400000, 0x0000000705400000| Untracked 
|  25|0x0000000705600000, 0x0000000705600000, 0x0000000705800000|  0%| F|  |TAMS 0x0000000705600000, 0x0000000705600000| Untracked 
|  26|0x0000000705800000, 0x0000000705800000, 0x0000000705a00000|  0%| F|  |TAMS 0x0000000705800000, 0x0000000705800000| Untracked 
|  27|0x0000000705a00000, 0x0000000705a00000, 0x0000000705c00000|  0%| F|  |TAMS 0x0000000705a00000, 0x0000000705a00000| Untracked 
|  28|0x0000000705c00000, 0x0000000705c00000, 0x0000000705e00000|  0%| F|  |TAMS 0x0000000705c00000, 0x0000000705c00000| Untracked 
|  29|0x0000000705e00000, 0x0000000705e00000, 0x0000000706000000|  0%| F|  |TAMS 0x0000000705e00000, 0x0000000705e00000| Untracked 
|  30|0x0000000706000000, 0x0000000706000000, 0x0000000706200000|  0%| F|  |TAMS 0x0000000706000000, 0x0000000706000000| Untracked 
|  31|0x0000000706200000, 0x0000000706200000, 0x0000000706400000|  0%| F|  |TAMS 0x0000000706200000, 0x0000000706200000| Untracked 
|  32|0x0000000706400000, 0x0000000706400000, 0x0000000706600000|  0%| F|  |TAMS 0x0000000706400000, 0x0000000706400000| Untracked 
|  33|0x0000000706600000, 0x0000000706600000, 0x0000000706800000|  0%| F|  |TAMS 0x0000000706600000, 0x0000000706600000| Untracked 
|  34|0x0000000706800000, 0x0000000706800000, 0x0000000706a00000|  0%| F|  |TAMS 0x0000000706800000, 0x0000000706800000| Untracked 
|  35|0x0000000706a00000, 0x0000000706a00000, 0x0000000706c00000|  0%| F|  |TAMS 0x0000000706a00000, 0x0000000706a00000| Untracked 
|  36|0x0000000706c00000, 0x0000000706c00000, 0x0000000706e00000|  0%| F|  |TAMS 0x0000000706c00000, 0x0000000706c00000| Untracked 
|  37|0x0000000706e00000, 0x0000000706e00000, 0x0000000707000000|  0%| F|  |TAMS 0x0000000706e00000, 0x0000000706e00000| Untracked 
|  38|0x0000000707000000, 0x0000000707000000, 0x0000000707200000|  0%| F|  |TAMS 0x0000000707000000, 0x0000000707000000| Untracked 
|  39|0x0000000707200000, 0x0000000707200000, 0x0000000707400000|  0%| F|  |TAMS 0x0000000707200000, 0x0000000707200000| Untracked 
|  40|0x0000000707400000, 0x0000000707400000, 0x0000000707600000|  0%| F|  |TAMS 0x0000000707400000, 0x0000000707400000| Untracked 
|  41|0x0000000707600000, 0x0000000707600000, 0x0000000707800000|  0%| F|  |TAMS 0x0000000707600000, 0x0000000707600000| Untracked 
|  42|0x0000000707800000, 0x0000000707800000, 0x0000000707a00000|  0%| F|  |TAMS 0x0000000707800000, 0x0000000707800000| Untracked 
|  43|0x0000000707a00000, 0x0000000707a00000, 0x0000000707c00000|  0%| F|  |TAMS 0x0000000707a00000, 0x0000000707a00000| Untracked 
|  44|0x0000000707c00000, 0x0000000707c00000, 0x0000000707e00000|  0%| F|  |TAMS 0x0000000707c00000, 0x0000000707c00000| Untracked 
|  45|0x0000000707e00000, 0x0000000707e00000, 0x0000000708000000|  0%| F|  |TAMS 0x0000000707e00000, 0x0000000707e00000| Untracked 
|  46|0x0000000708000000, 0x0000000708000000, 0x0000000708200000|  0%| F|  |TAMS 0x0000000708000000, 0x0000000708000000| Untracked 
|  47|0x0000000708200000, 0x0000000708200000, 0x0000000708400000|  0%| F|  |TAMS 0x0000000708200000, 0x0000000708200000| Untracked 
|  48|0x0000000708400000, 0x0000000708400000, 0x0000000708600000|  0%| F|  |TAMS 0x0000000708400000, 0x0000000708400000| Untracked 
|  49|0x0000000708600000, 0x0000000708600000, 0x0000000708800000|  0%| F|  |TAMS 0x0000000708600000, 0x0000000708600000| Untracked 
|  50|0x0000000708800000, 0x0000000708800000, 0x0000000708a00000|  0%| F|  |TAMS 0x0000000708800000, 0x0000000708800000| Untracked 
|  51|0x0000000708a00000, 0x0000000708a00000, 0x0000000708c00000|  0%| F|  |TAMS 0x0000000708a00000, 0x0000000708a00000| Untracked 
|  52|0x0000000708c00000, 0x0000000708c00000, 0x0000000708e00000|  0%| F|  |TAMS 0x0000000708c00000, 0x0000000708c00000| Untracked 
|  53|0x0000000708e00000, 0x0000000708e00000, 0x0000000709000000|  0%| F|  |TAMS 0x0000000708e00000, 0x0000000708e00000| Untracked 
|  54|0x0000000709000000, 0x0000000709000000, 0x0000000709200000|  0%| F|  |TAMS 0x0000000709000000, 0x0000000709000000| Untracked 
|  55|0x0000000709200000, 0x0000000709200000, 0x0000000709400000|  0%| F|  |TAMS 0x0000000709200000, 0x0000000709200000| Untracked 
|  56|0x0000000709400000, 0x0000000709400000, 0x0000000709600000|  0%| F|  |TAMS 0x0000000709400000, 0x0000000709400000| Untracked 
|  57|0x0000000709600000, 0x0000000709600000, 0x0000000709800000|  0%| F|  |TAMS 0x0000000709600000, 0x0000000709600000| Untracked 
|  58|0x0000000709800000, 0x0000000709800000, 0x0000000709a00000|  0%| F|  |TAMS 0x0000000709800000, 0x0000000709800000| Untracked 
|  59|0x0000000709a00000, 0x0000000709a00000, 0x0000000709c00000|  0%| F|  |TAMS 0x0000000709a00000, 0x0000000709a00000| Untracked 
|  60|0x0000000709c00000, 0x0000000709c00000, 0x0000000709e00000|  0%| F|  |TAMS 0x0000000709c00000, 0x0000000709c00000| Untracked 
|  61|0x0000000709e00000, 0x0000000709e00000, 0x000000070a000000|  0%| F|  |TAMS 0x0000000709e00000, 0x0000000709e00000| Untracked 
|  62|0x000000070a000000, 0x000000070a000000, 0x000000070a200000|  0%| F|  |TAMS 0x000000070a000000, 0x000000070a000000| Untracked 
|  63|0x000000070a200000, 0x000000070a200000, 0x000000070a400000|  0%| F|  |TAMS 0x000000070a200000, 0x000000070a200000| Untracked 
|  64|0x000000070a400000, 0x000000070a400000, 0x000000070a600000|  0%| F|  |TAMS 0x000000070a400000, 0x000000070a400000| Untracked 
|  65|0x000000070a600000, 0x000000070a600000, 0x000000070a800000|  0%| F|  |TAMS 0x000000070a600000, 0x000000070a600000| Untracked 
|  66|0x000000070a800000, 0x000000070a800000, 0x000000070aa00000|  0%| F|  |TAMS 0x000000070a800000, 0x000000070a800000| Untracked 
|  67|0x000000070aa00000, 0x000000070aa00000, 0x000000070ac00000|  0%| F|  |TAMS 0x000000070aa00000, 0x000000070aa00000| Untracked 
|  68|0x000000070ac00000, 0x000000070ac00000, 0x000000070ae00000|  0%| F|  |TAMS 0x000000070ac00000, 0x000000070ac00000| Untracked 
|  69|0x000000070ae00000, 0x000000070ae00000, 0x000000070b000000|  0%| F|  |TAMS 0x000000070ae00000, 0x000000070ae00000| Untracked 
|  70|0x000000070b000000, 0x000000070b000000, 0x000000070b200000|  0%| F|  |TAMS 0x000000070b000000, 0x000000070b000000| Untracked 
|  71|0x000000070b200000, 0x000000070b200000, 0x000000070b400000|  0%| F|  |TAMS 0x000000070b200000, 0x000000070b200000| Untracked 
|  72|0x000000070b400000, 0x000000070b400000, 0x000000070b600000|  0%| F|  |TAMS 0x000000070b400000, 0x000000070b400000| Untracked 
|  73|0x000000070b600000, 0x000000070b600000, 0x000000070b800000|  0%| F|  |TAMS 0x000000070b600000, 0x000000070b600000| Untracked 
|  74|0x000000070b800000, 0x000000070b800000, 0x000000070ba00000|  0%| F|  |TAMS 0x000000070b800000, 0x000000070b800000| Untracked 
|  75|0x000000070ba00000, 0x000000070ba00000, 0x000000070bc00000|  0%| F|  |TAMS 0x000000070ba00000, 0x000000070ba00000| Untracked 
|  76|0x000000070bc00000, 0x000000070bc00000, 0x000000070be00000|  0%| F|  |TAMS 0x000000070bc00000, 0x000000070bc00000| Untracked 
|  77|0x000000070be00000, 0x000000070be00000, 0x000000070c000000|  0%| F|  |TAMS 0x000000070be00000, 0x000000070be00000| Untracked 
|  78|0x000000070c000000, 0x000000070c000000, 0x000000070c200000|  0%| F|  |TAMS 0x000000070c000000, 0x000000070c000000| Untracked 
|  79|0x000000070c200000, 0x000000070c200000, 0x000000070c400000|  0%| F|  |TAMS 0x000000070c200000, 0x000000070c200000| Untracked 
|  80|0x000000070c400000, 0x000000070c400000, 0x000000070c600000|  0%| F|  |TAMS 0x000000070c400000, 0x000000070c400000| Untracked 
|  81|0x000000070c600000, 0x000000070c600000, 0x000000070c800000|  0%| F|  |TAMS 0x000000070c600000, 0x000000070c600000| Untracked 
|  82|0x000000070c800000, 0x000000070c800000, 0x000000070ca00000|  0%| F|  |TAMS 0x000000070c800000, 0x000000070c800000| Untracked 
|  83|0x000000070ca00000, 0x000000070ca00000, 0x000000070cc00000|  0%| F|  |TAMS 0x000000070ca00000, 0x000000070ca00000| Untracked 
|  84|0x000000070cc00000, 0x000000070cc00000, 0x000000070ce00000|  0%| F|  |TAMS 0x000000070cc00000, 0x000000070cc00000| Untracked 
|  85|0x000000070ce00000, 0x000000070ce00000, 0x000000070d000000|  0%| F|  |TAMS 0x000000070ce00000, 0x000000070ce00000| Untracked 
|  86|0x000000070d000000, 0x000000070d000000, 0x000000070d200000|  0%| F|  |TAMS 0x000000070d000000, 0x000000070d000000| Untracked 
|  87|0x000000070d200000, 0x000000070d200000, 0x000000070d400000|  0%| F|  |TAMS 0x000000070d200000, 0x000000070d200000| Untracked 
|  88|0x000000070d400000, 0x000000070d400000, 0x000000070d600000|  0%| F|  |TAMS 0x000000070d400000, 0x000000070d400000| Untracked 
|  89|0x000000070d600000, 0x000000070d600000, 0x000000070d800000|  0%| F|  |TAMS 0x000000070d600000, 0x000000070d600000| Untracked 
|  90|0x000000070d800000, 0x000000070d800000, 0x000000070da00000|  0%| F|  |TAMS 0x000000070d800000, 0x000000070d800000| Untracked 
|  91|0x000000070da00000, 0x000000070da00000, 0x000000070dc00000|  0%| F|  |TAMS 0x000000070da00000, 0x000000070da00000| Untracked 
|  92|0x000000070dc00000, 0x000000070dc00000, 0x000000070de00000|  0%| F|  |TAMS 0x000000070dc00000, 0x000000070dc00000| Untracked 
|  93|0x000000070de00000, 0x000000070de00000, 0x000000070e000000|  0%| F|  |TAMS 0x000000070de00000, 0x000000070de00000| Untracked 
|  94|0x000000070e000000, 0x000000070e000000, 0x000000070e200000|  0%| F|  |TAMS 0x000000070e000000, 0x000000070e000000| Untracked 
|  95|0x000000070e200000, 0x000000070e200000, 0x000000070e400000|  0%| F|  |TAMS 0x000000070e200000, 0x000000070e200000| Untracked 
|  96|0x000000070e400000, 0x000000070e400000, 0x000000070e600000|  0%| F|  |TAMS 0x000000070e400000, 0x000000070e400000| Untracked 
|  97|0x000000070e600000, 0x000000070e600000, 0x000000070e800000|  0%| F|  |TAMS 0x000000070e600000, 0x000000070e600000| Untracked 
|  98|0x000000070e800000, 0x000000070e800000, 0x000000070ea00000|  0%| F|  |TAMS 0x000000070e800000, 0x000000070e800000| Untracked 
|  99|0x000000070ea00000, 0x000000070ea00000, 0x000000070ec00000|  0%| F|  |TAMS 0x000000070ea00000, 0x000000070ea00000| Untracked 
| 100|0x000000070ec00000, 0x000000070ec00000, 0x000000070ee00000|  0%| F|  |TAMS 0x000000070ec00000, 0x000000070ec00000| Untracked 
| 101|0x000000070ee00000, 0x000000070ee00000, 0x000000070f000000|  0%| F|  |TAMS 0x000000070ee00000, 0x000000070ee00000| Untracked 
| 102|0x000000070f000000, 0x000000070f000000, 0x000000070f200000|  0%| F|  |TAMS 0x000000070f000000, 0x000000070f000000| Untracked 
| 103|0x000000070f200000, 0x000000070f200000, 0x000000070f400000|  0%| F|  |TAMS 0x000000070f200000, 0x000000070f200000| Untracked 
| 104|0x000000070f400000, 0x000000070f400000, 0x000000070f600000|  0%| F|  |TAMS 0x000000070f400000, 0x000000070f400000| Untracked 
| 105|0x000000070f600000, 0x000000070f600000, 0x000000070f800000|  0%| F|  |TAMS 0x000000070f600000, 0x000000070f600000| Untracked 
| 106|0x000000070f800000, 0x000000070f800000, 0x000000070fa00000|  0%| F|  |TAMS 0x000000070f800000, 0x000000070f800000| Untracked 
| 107|0x000000070fa00000, 0x000000070fa00000, 0x000000070fc00000|  0%| F|  |TAMS 0x000000070fa00000, 0x000000070fa00000| Untracked 
| 108|0x000000070fc00000, 0x000000070fc00000, 0x000000070fe00000|  0%| F|  |TAMS 0x000000070fc00000, 0x000000070fc00000| Untracked 
| 109|0x000000070fe00000, 0x000000070fe00000, 0x0000000710000000|  0%| F|  |TAMS 0x000000070fe00000, 0x000000070fe00000| Untracked 
| 110|0x0000000710000000, 0x0000000710000000, 0x0000000710200000|  0%| F|  |TAMS 0x0000000710000000, 0x0000000710000000| Untracked 
| 111|0x0000000710200000, 0x0000000710200000, 0x0000000710400000|  0%| F|  |TAMS 0x0000000710200000, 0x0000000710200000| Untracked 
| 112|0x0000000710400000, 0x0000000710400000, 0x0000000710600000|  0%| F|  |TAMS 0x0000000710400000, 0x0000000710400000| Untracked 
| 113|0x0000000710600000, 0x0000000710600000, 0x0000000710800000|  0%| F|  |TAMS 0x0000000710600000, 0x0000000710600000| Untracked 
| 114|0x0000000710800000, 0x0000000710800000, 0x0000000710a00000|  0%| F|  |TAMS 0x0000000710800000, 0x0000000710800000| Untracked 
| 115|0x0000000710a00000, 0x0000000710a00000, 0x0000000710c00000|  0%| F|  |TAMS 0x0000000710a00000, 0x0000000710a00000| Untracked 
| 116|0x0000000710c00000, 0x0000000710c00000, 0x0000000710e00000|  0%| F|  |TAMS 0x0000000710c00000, 0x0000000710c00000| Untracked 
| 117|0x0000000710e00000, 0x0000000710e00000, 0x0000000711000000|  0%| F|  |TAMS 0x0000000710e00000, 0x0000000710e00000| Untracked 
| 118|0x0000000711000000, 0x0000000711000000, 0x0000000711200000|  0%| F|  |TAMS 0x0000000711000000, 0x0000000711000000| Untracked 
| 119|0x0000000711200000, 0x0000000711200000, 0x0000000711400000|  0%| F|  |TAMS 0x0000000711200000, 0x0000000711200000| Untracked 
| 120|0x0000000711400000, 0x0000000711400000, 0x0000000711600000|  0%| F|  |TAMS 0x0000000711400000, 0x0000000711400000| Untracked 
| 121|0x0000000711600000, 0x0000000711600000, 0x0000000711800000|  0%| F|  |TAMS 0x0000000711600000, 0x0000000711600000| Untracked 
| 122|0x0000000711800000, 0x0000000711800000, 0x0000000711a00000|  0%| F|  |TAMS 0x0000000711800000, 0x0000000711800000| Untracked 
| 123|0x0000000711a00000, 0x0000000711a00000, 0x0000000711c00000|  0%| F|  |TAMS 0x0000000711a00000, 0x0000000711a00000| Untracked 
| 124|0x0000000711c00000, 0x0000000711c00000, 0x0000000711e00000|  0%| F|  |TAMS 0x0000000711c00000, 0x0000000711c00000| Untracked 
| 125|0x0000000711e00000, 0x0000000711fc31a8, 0x0000000712000000| 88%| E|  |TAMS 0x0000000711e00000, 0x0000000711e00000| Complete 
| 126|0x0000000712000000, 0x0000000712200000, 0x0000000712200000|100%| E|CS|TAMS 0x0000000712000000, 0x0000000712000000| Complete 

Card table byte_map: [0x000001d4656c0000,0x000001d465eb0000] _byte_map_base: 0x000001d461eae000

Marking Bits (Prev, Next): (CMBitMap*) 0x000001d44e3bca30, (CMBitMap*) 0x000001d44e3bca70
 Prev Bits: [0x000001d4666a0000, 0x000001d46a610000)
 Next Bits: [0x000001d46a610000, 0x000001d46e580000)

Polling page: 0x000001d44db50000

Metaspace:

Usage:
  Non-class:    908.59 KB used.
      Class:     87.41 KB used.
       Both:    996.01 KB used.

Virtual space:
  Non-class space:        8.00 MB reserved,       1.00 MB ( 12%) committed,  1 nodes.
      Class space:        1.00 GB reserved,     192.00 KB ( <1%) committed,  1 nodes.
             Both:        1.01 GB reserved,       1.19 MB ( <1%) committed. 

Chunk freelists:
   Non-Class:  3.94 MB
       Class:  3.74 MB
        Both:  7.67 MB

MaxMetaspaceSize: unlimited
CompressedClassSpaceSize: 1.00 GB
Initial GC threshold: 21.00 MB
Current GC threshold: 21.00 MB
CDS: on
MetaspaceReclaimPolicy: balanced
 - commit_granule_bytes: 65536.
 - commit_granule_words: 8192.
 - virtual_space_node_default_size: 1048576.
 - enlarge_chunks_in_place: 1.
 - new_chunks_are_fully_committed: 0.
 - uncommit_free_chunks: 1.
 - use_allocation_guard: 0.
 - handle_deallocations: 1.


Internal statistics:

num_allocs_failed_limit: 0.
num_arena_births: 14.
num_arena_deaths: 0.
num_vsnodes_births: 2.
num_vsnodes_deaths: 0.
num_space_committed: 19.
num_space_uncommitted: 0.
num_chunks_returned_to_freelist: 0.
num_chunks_taken_from_freelist: 23.
num_chunk_merges: 0.
num_chunk_splits: 12.
num_chunks_enlarged: 6.
num_purges: 0.
num_inconsistent_stats: 0.

CodeHeap 'non-profiled nmethods': size=120000Kb used=83Kb max_used=83Kb free=119917Kb
 bounds [0x000001d45d650000, 0x000001d45d8c0000, 0x000001d464b80000]
CodeHeap 'profiled nmethods': size=120000Kb used=310Kb max_used=310Kb free=119689Kb
 bounds [0x000001d456120000, 0x000001d456390000, 0x000001d45d650000]
CodeHeap 'non-nmethods': size=5760Kb used=1126Kb max_used=1140Kb free=4634Kb
 bounds [0x000001d455b80000, 0x000001d455df0000, 0x000001d456120000]
 total_blobs=661 nmethods=253 adapters=321
 compilation: enabled
              stopped_count=0, restarted_count=0
 full_count=0

Compilation events (20 events):
Event: 0.108 Thread 0x000001d471060100 nmethod 246 0x000001d456166f90 code [0x000001d456167160, 0x000001d456167478]
Event: 0.108 Thread 0x000001d471060100  244       3       java.nio.CharBuffer::position (6 bytes)
Event: 0.108 Thread 0x000001d471060100 nmethod 244 0x000001d456167590 code [0x000001d456167740, 0x000001d4561678e8]
Event: 0.108 Thread 0x000001d471060100  245       3       java.lang.String::checkBoundsOffCount (64 bytes)
Event: 0.109 Thread 0x000001d471060100 nmethod 245 0x000001d456167990 code [0x000001d456167c20, 0x000001d456168518]
Event: 0.109 Thread 0x000001d471060100  247       3       java.lang.StringConcatHelper::initialCoder (14 bytes)
Event: 0.109 Thread 0x000001d471060100 nmethod 247 0x000001d456168890 code [0x000001d456168a20, 0x000001d456168b38]
Event: 0.109 Thread 0x000001d471060100  248       3       java.lang.StringConcatHelper::simpleConcat (94 bytes)
Event: 0.110 Thread 0x000001d471060100 nmethod 248 0x000001d456168b90 code [0x000001d456168ec0, 0x000001d45616a2f8]
Event: 0.110 Thread 0x000001d471060100  252 %     3       com.company.Main::main @ 99 (107 bytes)
Event: 0.111 Thread 0x000001d471060100 nmethod 252% 0x000001d45616aa10 code [0x000001d45616ad20, 0x000001d45616be48]
Event: 0.111 Thread 0x000001d471060100  249       3       java.lang.StringConcatHelper::newString (67 bytes)
Event: 0.111 Thread 0x000001d47105f660  253 %     4       com.company.Main::main @ 99 (107 bytes)
Event: 0.111 Thread 0x000001d471060100 nmethod 249 0x000001d45616c410 code [0x000001d45616c680, 0x000001d45616d108]
Event: 0.111 Thread 0x000001d471060100  251       3       java.nio.ByteBuffer::array (35 bytes)
Event: 0.111 Thread 0x000001d47105f660 nmethod 253% 0x000001d45d664610 code [0x000001d45d664780, 0x000001d45d664818]
Event: 0.112 Thread 0x000001d47105f660  254       4       com.company.Main::main (107 bytes)
Event: 0.112 Thread 0x000001d471060100 nmethod 251 0x000001d45616d490 code [0x000001d45616d660, 0x000001d45616d8d8]
Event: 0.112 Thread 0x000001d471060100  250       1       java.util.stream.AbstractPipeline::getStreamAndOpFlags (5 bytes)
Event: 0.112 Thread 0x000001d471060100 nmethod 250 0x000001d45d664910 code [0x000001d45d664aa0, 0x000001d45d664b78]

GC Heap History (0 events):
No events

Deoptimization events (2 events):
Event: 0.111 Thread 0x000001d44e36dce0 DEOPT PACKING pc=0x000001d45616bce9 sp=0x000000bf75aff4d0
Event: 0.111 Thread 0x000001d44e36dce0 DEOPT UNPACKING pc=0x000001d455bd2b43 sp=0x000000bf75afe9e8 mode 0

Classes unloaded (0 events):
No events

Classes redefined (0 events):
No events

Internal exceptions (2 events):
Event: 0.079 Thread 0x000001d471d4a790 Exception <a 'java/lang/NoSuchMethodError'{0x0000000711e758b8}: 'java.lang.Object java.lang.invoke.DirectMethodHandle$Holder.invokeStaticInit(java.lang.Object)'> (0x0000000711e758b8) 
thrown [t:\workspace\open\src\hotspot\share\interpreter\linkResolver.cpp, line 766]
Event: 0.086 Thread 0x000001d471d4a790 Exception <a 'java/lang/NoSuchMethodError'{0x0000000711e83000}: 'void java.lang.invoke.DirectMethodHandle$Holder.invokeStatic(java.lang.Object, java.lang.Object)'> (0x0000000711e83000) 
thrown [t:\workspace\open\src\hotspot\share\interpreter\linkResolver.cpp, line 766]

VM Operations (4 events):
Event: 0.051 Executing VM operation: HandshakeAllThreads
Event: 0.051 Executing VM operation: HandshakeAllThreads done
Event: 0.077 Executing VM operation: HandshakeAllThreads
Event: 0.078 Executing VM operation: HandshakeAllThreads done

Events (20 events):
Event: 0.105 loading class java/util/stream/Nodes$EmptyNode$OfInt
Event: 0.105 loading class java/util/stream/Node$OfInt
Event: 0.105 loading class java/util/stream/Node$OfPrimitive
Event: 0.105 loading class java/util/stream/Node$OfPrimitive done
Event: 0.105 loading class java/util/stream/Node$OfInt done
Event: 0.105 loading class java/util/stream/Nodes$EmptyNode$OfInt done
Event: 0.105 loading class java/util/stream/Nodes$EmptyNode$OfLong
Event: 0.105 loading class java/util/stream/Node$OfLong
Event: 0.105 loading class java/util/stream/Node$OfLong done
Event: 0.105 loading class java/util/stream/Nodes$EmptyNode$OfLong done
Event: 0.105 loading class java/util/stream/Nodes$EmptyNode$OfDouble
Event: 0.105 loading class java/util/stream/Node$OfDouble
Event: 0.105 loading class java/util/stream/Node$OfDouble done
Event: 0.105 loading class java/util/stream/Nodes$EmptyNode$OfDouble done
Event: 0.105 loading class java/util/stream/Nodes$FixedNodeBuilder
Event: 0.105 loading class java/util/stream/Node$Builder
Event: 0.105 loading class java/util/stream/Node$Builder done
Event: 0.105 loading class java/util/stream/Nodes$ArrayNode
Event: 0.105 loading class java/util/stream/Nodes$ArrayNode done
Event: 0.105 loading class java/util/stream/Nodes$FixedNodeBuilder done


Dynamic libraries:
0x00007ff7b4a30000 - 0x00007ff7b4a40000 	C:\Program Files\Java\jdk-17.0.1\bin\java.exe
0x00007fff42e10000 - 0x00007fff43005000 	C:\Windows\SYSTEM32\ntdll.dll
0x00007fff42d10000 - 0x00007fff42dce000 	C:\Windows\System32\KERNEL32.DLL
0x00007fff405b0000 - 0x00007fff40878000 	C:\Windows\System32\KERNELBASE.dll
0x00007fff40b80000 - 0x00007fff40c80000 	C:\Windows\System32\ucrtbase.dll
0x00007fff3dcd0000 - 0x00007fff3dcea000 	C:\Program Files\Java\jdk-17.0.1\bin\VCRUNTIME140.dll
0x00007fff3a330000 - 0x00007fff3a348000 	C:\Program Files\Java\jdk-17.0.1\bin\jli.dll
0x00007fff40f50000 - 0x00007fff40ffe000 	C:\Windows\System32\ADVAPI32.dll
0x00007fff42390000 - 0x00007fff4242e000 	C:\Windows\System32\msvcrt.dll
0x00007fff41000000 - 0x00007fff4109c000 	C:\Windows\System32\sechost.dll
0x00007fff429e0000 - 0x00007fff42b05000 	C:\Windows\System32\RPCRT4.dll
0x00007fff42b10000 - 0x00007fff42cb0000 	C:\Windows\System32\USER32.dll
0x00007fff40530000 - 0x00007fff40552000 	C:\Windows\System32\win32u.dll
0x00007fff40f20000 - 0x00007fff40f4b000 	C:\Windows\System32\GDI32.dll
0x00007fff28df0000 - 0x00007fff2908a000 	C:\Windows\WinSxS\amd64_microsoft.windows.common-controls_6595b64144ccf1df_6.0.19041.1110_none_60b5254171f9507e\COMCTL32.dll
0x00007fff40c80000 - 0x00007fff40d8b000 	C:\Windows\System32\gdi32full.dll
0x00007fff40ae0000 - 0x00007fff40b7d000 	C:\Windows\System32\msvcp_win.dll
0x00007fff394f0000 - 0x00007fff394fa000 	C:\Windows\SYSTEM32\VERSION.dll
0x00007fff42430000 - 0x00007fff42460000 	C:\Windows\System32\IMM32.DLL
0x00007fff3dcc0000 - 0x00007fff3dccc000 	C:\Program Files\Java\jdk-17.0.1\bin\vcruntime140_1.dll
0x00007fff13230000 - 0x00007fff132bd000 	C:\Program Files\Java\jdk-17.0.1\bin\msvcp140.dll
0x00007ffee24d0000 - 0x00007ffee308e000 	C:\Program Files\Java\jdk-17.0.1\bin\server\jvm.dll
0x00007fff417f0000 - 0x00007fff417f8000 	C:\Windows\System32\PSAPI.DLL
0x00007fff2e410000 - 0x00007fff2e437000 	C:\Windows\SYSTEM32\WINMM.dll
0x00007fff24b90000 - 0x00007fff24b99000 	C:\Windows\SYSTEM32\WSOCK32.dll
0x00007fff42910000 - 0x00007fff4297b000 	C:\Windows\System32\WS2_32.dll
0x00007fff3e440000 - 0x00007fff3e452000 	C:\Windows\SYSTEM32\kernel.appcore.dll
0x00007fff3a320000 - 0x00007fff3a32a000 	C:\Program Files\Java\jdk-17.0.1\bin\jimage.dll
0x00007fff2d850000 - 0x00007fff2da34000 	C:\Windows\SYSTEM32\DBGHELP.DLL
0x00007fff2bed0000 - 0x00007fff2befc000 	C:\Windows\SYSTEM32\dbgcore.DLL
0x00007fff40880000 - 0x00007fff40902000 	C:\Windows\System32\bcryptPrimitives.dll
0x00007fff209c0000 - 0x00007fff209ce000 	C:\Program Files\Java\jdk-17.0.1\bin\instrument.dll
0x00007fff184a0000 - 0x00007fff184c5000 	C:\Program Files\Java\jdk-17.0.1\bin\java.dll
0x00007fff00e80000 - 0x00007fff00f56000 	C:\Program Files\Java\jdk-17.0.1\bin\svml.dll
0x00007fff410a0000 - 0x00007fff417e4000 	C:\Windows\System32\SHELL32.dll
0x00007fff3e640000 - 0x00007fff3edd4000 	C:\Windows\SYSTEM32\windows.storage.dll
0x00007fff42530000 - 0x00007fff42884000 	C:\Windows\System32\combase.dll
0x00007fff3ff90000 - 0x00007fff3ffbc000 	C:\Windows\SYSTEM32\Wldp.dll
0x00007fff42480000 - 0x00007fff4252d000 	C:\Windows\System32\SHCORE.dll
0x00007fff42980000 - 0x00007fff429d5000 	C:\Windows\System32\shlwapi.dll
0x00007fff40470000 - 0x00007fff4048f000 	C:\Windows\SYSTEM32\profapi.dll
0x00007fff18480000 - 0x00007fff18498000 	C:\Program Files\Java\jdk-17.0.1\bin\zip.dll
0x00007fff18460000 - 0x00007fff18479000 	C:\Program Files\Java\jdk-17.0.1\bin\net.dll
0x00007fff372f0000 - 0x00007fff373f9000 	C:\Windows\SYSTEM32\WINHTTP.dll
0x00007fff3fcf0000 - 0x00007fff3fd5a000 	C:\Windows\system32\mswsock.dll
0x00007fff183f0000 - 0x00007fff18405000 	C:\Program Files\Java\jdk-17.0.1\bin\nio.dll
0x00007fff133e0000 - 0x00007fff133fa000 	D:\IntelliJ IDEA Community Edition 2021.2.3\bin\breakgen64.dll

dbghelp: loaded successfully - version: 4.0.5 - missing functions: none
symbol engine: initialized successfully - sym options: 0x614 - pdb path: .;C:\Program Files\Java\jdk-17.0.1\bin;C:\Windows\SYSTEM32;C:\Windows\WinSxS\amd64_microsoft.windows.common-controls_6595b64144ccf1df_6.0.19041.1110_none_60b5254171f9507e;C:\Program Files\Java\jdk-17.0.1\bin\server;D:\IntelliJ IDEA Community Edition 2021.2.3\bin

VM Arguments:
jvm_args: -javaagent:D:\IntelliJ IDEA Community Edition 2021.2.3\lib\idea_rt.jar=54501:D:\IntelliJ IDEA Community Edition 2021.2.3\bin -Dfile.encoding=UTF-8 
java_command: com.company.Main
java_class_path (initial): C:\Users\yural\Desktop\Mine\Study TUKE\Code\Block Puzzle\out\production\Block Puzzle
Launcher Type: SUN_STANDARD

[Global flags]
     intx CICompilerCount                          = 4                                         {product} {ergonomic}
     uint ConcGCThreads                            = 2                                         {product} {ergonomic}
     uint G1ConcRefinementThreads                  = 8                                         {product} {ergonomic}
   size_t G1HeapRegionSize                         = 2097152                                   {product} {ergonomic}
    uintx GCDrainStackTargetSize                   = 64                                        {product} {ergonomic}
   size_t InitialHeapSize                          = 266338304                                 {product} {ergonomic}
   size_t MarkStackSize                            = 4194304                                   {product} {ergonomic}
   size_t MaxHeapSize                              = 4257218560                                {product} {ergonomic}
   size_t MaxNewSize                               = 2554331136                                {product} {ergonomic}
   size_t MinHeapDeltaBytes                        = 2097152                                   {product} {ergonomic}
   size_t MinHeapSize                              = 8388608                                   {product} {ergonomic}
    uintx NonNMethodCodeHeapSize                   = 5839372                                {pd product} {ergonomic}
    uintx NonProfiledCodeHeapSize                  = 122909434                              {pd product} {ergonomic}
    uintx ProfiledCodeHeapSize                     = 122909434                              {pd product} {ergonomic}
    uintx ReservedCodeCacheSize                    = 251658240                              {pd product} {ergonomic}
     bool SegmentedCodeCache                       = true                                      {product} {ergonomic}
   size_t SoftMaxHeapSize                          = 4257218560                             {manageable} {ergonomic}
     bool UseCompressedClassPointers               = true                           {product lp64_product} {ergonomic}
     bool UseCompressedOops                        = true                           {product lp64_product} {ergonomic}
     bool UseG1GC                                  = true                                      {product} {ergonomic}
     bool UseLargePagesIndividualAllocation        = false                                  {pd product} {ergonomic}

Logging:
Log output configuration:
 #0: stdout all=warning uptime,level,tags
 #1: stderr all=off uptime,level,tags

Environment Variables:
PATH=C:\Program Files (x86)\Common Files\Oracle\Java\javapath;C:\Program Files\Common Files\Oracle\Java\javapath;C:\Windows\system32;C:\Windows;C:\Windows\System32\Wbem;C:\Windows\System32\WindowsPowerShell\v1.0\;C:\Windows\System32\OpenSSH\;C:\Program Files\Microsoft SQL Server\130\Tools\Binn\;C:\Program Files\Microsoft SQL Server\Client SDK\ODBC\170\Tools\Binn\;C:\Program Files\NVIDIA Corporation\NVIDIA NvDLISR;C:\Program Files (x86)\NVIDIA Corporation\PhysX\Common;C:\Program Files\dotnet\;C:\Program Files\PuTTY\;C:\Program Files\Git\cmd;D:\MATLAB\bin;C:\Users\yural\AppData\Local\Programs\Python\Python39\Scripts\;C:\Users\yural\AppData\Local\Programs\Python\Python39\;C:\Users\yural\AppData\Local\Microsoft\WindowsApps;C:\Users\yural\AppData\Local\Programs\Microsoft VS Code\bin;C:\Users\yural\.dotnet\tools;D:\IntelliJ IDEA 2021.2.2\bin;;D:\IntelliJ IDEA Community Edition 2021.2.3\bin;;C:\Users\yural\AppData\Local\GitHubDesktop\bin;D:\DataGrip 2021.3.4\bin;
USERNAME=yural
OS=Windows_NT
PROCESSOR_IDENTIFIER=Intel64 Family 6 Model 158 Stepping 10, GenuineIntel



---------------  S Y S T E M  ---------------

OS:
 Windows 10 , 64 bit Build 19041 (10.0.19041.1566)
OS uptime: 0 days 0:05 hours

CPU: total 8 (initial active 8) (4 cores per cpu, 2 threads per core) family 6 model 158 stepping 10 microcode 0xd2, cx8, cmov, fxsr, ht, mmx, 3dnowpref, sse, sse2, sse3, ssse3, sse4.1, sse4.2, popcnt, lzcnt, tsc, tscinvbit, avx, avx2, aes, erms, clmul, bmi1, bmi2, adx, fma, vzeroupper, clflush, clflushopt

Memory: 4k page, system-wide physical 16236M (8926M free)
TotalPageFile size 19308M (AvailPageFile size 9794M)
current process WorkingSet (physical memory assigned to process): 38M, peak: 38M
current process commit charge ("private bytes"): 344M, peak: 344M

vm_info: Java HotSpot(TM) 64-Bit Server VM (17.0.1+12-LTS-39) for windows-amd64 JRE (17.0.1+12-LTS-39), built on Sep 27 2021 18:41:35 by "mach5one" with MS VC++ 16.8 (VS2019)

END.
